<?xml version="1.0" encoding="UTF-8"?>
<testsuite xmlns:xsi="http://www.w3.org/2001/XMLSchema-instance" xsi:noNamespaceSchemaLocation="https://maven.apache.org/surefire/maven-surefire-plugin/xsd/surefire-test-report-3.0.xsd" version="3.0" name="atividade03.example.demo.DemoApplicationTests" time="2.574" tests="1" errors="0" skipped="0" failures="0">
  <properties>
[...]
</properties>
  <testcase name="contextLoads" classname="atividade03.example.demo.DemoApplicationTests" time="0.889">
    <system-out><![CDATA[
  .   ____          _            __ _ _
 /\\ / ___'_ __ _ _(_)_ __  __ _ \ \ \ \
( ( )\___ | '_ | '_| | '_ \/ _` | \ \ \ \
 \\/  ___)| |_)| | | | | || (_| |  ) ) ) )
  '  |____| .__|_| |_|_| |_\__, | / / / /
 =========|_|==============|___/=/_/_/_/
 :: Spring Boot ::                (v3.2.4)

2024-03-25T21:02:56.082-03:00  WARN 15940 --- [demo] [           main] ory$DuplicateJsonObjectContextCustomizer : 

Found multiple occurrences of org.json.JSONObject on the class path:

	jar:file:/C:/Users/Windows%2010/.m2/repository/org/json/json/20230618/json-20230618.jar!/org/json/JSONObject.class
	jar:file:/C:/Users/Windows%2010/.m2/repository/com/vaadin/external/google/android-json/0.0.20131108.vaadin1/android-json-0.0.20131108.vaadin1.jar!/org/json/JSONObject.class

You may wish to exclude one of them to ensure predictable runtime behavior

2024-03-25T21:02:56.096-03:00  INFO 15940 --- [demo] [           main] a.example.demo.DemoApplicationTests      : Starting DemoApplicationTests using Java 22 with PID 15940 (started by Luccas in D:\Windows 10\Documents\Documentos FATEC\Banco de Dados Não Relacional\Nova pasta\demo\demo)
2024-03-25T21:02:56.096-03:00  INFO 15940 --- [demo] [           main] a.example.demo.DemoApplicationTests      : No active profile set, falling back to 1 default profile: "default"
2024-03-25T21:02:57.123-03:00  INFO 15940 --- [demo] [           main] a.example.demo.DemoApplicationTests      : Started DemoApplicationTests in 1.344 seconds (process running for 2.28)
]]></system-out>
    <system-err><![CDATA[WARNING: A Java agent has been loaded dynamically (C:\Users\Windows 10\.m2\repository\net\bytebuddy\byte-buddy-agent\1.14.12\byte-buddy-agent-1.14.12.jar)
WARNING: If a serviceability tool is in use, please run with -XX:+EnableDynamicAgentLoading to hide this warning
WARNING: If a serviceability tool is not in use, please run with -Djdk.instrument.traceUsage for more information
WARNING: Dynamic loading of agents will be disallowed by default in a future release
]]></system-err>
  </testcase>
</testsuite>